2025-12-08 08:14:29 START POST={"game_id":"115","from_x":"4","from_y":"6","to_x":"3","to_y":"7","extra":"0","goal":"0","draw":"0"}
2025-12-08 08:14:29 GAME id=115, current_player=1
2025-12-08 08:14:29 PLAYER=1 (my_id=290064)
2025-12-08 08:14:29 PLAYER_MOVE (4,6)→(3,7) extra=0
2025-12-08 08:14:29 BOT_TURN_START
2025-12-08 08:14:33 START POST={"game_id":"115","from_x":"3","from_y":"6","to_x":"2","to_y":"7","extra":"0","goal":"0","draw":"0"}
2025-12-08 08:14:33 GAME id=115, current_player=1
2025-12-08 08:14:33 PLAYER=1 (my_id=290064)
2025-12-08 08:14:33 PLAYER_MOVE (3,6)→(2,7) extra=0
2025-12-08 08:14:33 BOT_TURN_START
2025-12-08 08:14:34 START POST={"game_id":"115","from_x":"1","from_y":"6","to_x":"1","to_y":"7","extra":"0","goal":"0","draw":"0"}
2025-12-08 08:14:34 GAME id=115, current_player=1
2025-12-08 08:14:34 PLAYER=1 (my_id=290064)
2025-12-08 08:14:34 PLAYER_MOVE (1,6)→(1,7) extra=0
2025-12-08 08:14:34 BOT_TURN_START
2025-12-08 08:14:38 START POST={"game_id":"115","from_x":"2","from_y":"6","to_x":"3","to_y":"7","extra":"1","goal":"0","draw":"0"}
2025-12-08 08:14:38 GAME id=115, current_player=1
2025-12-08 08:14:38 PLAYER=1 (my_id=290064)
2025-12-08 08:14:38 PLAYER_MOVE (2,6)→(3,7) extra=1
2025-12-08 08:14:39 START POST={"game_id":"115","from_x":"3","from_y":"7","to_x":"3","to_y":"8","extra":"0","goal":"0","draw":"0"}
2025-12-08 08:14:39 GAME id=115, current_player=1
2025-12-08 08:14:39 PLAYER=1 (my_id=290064)
2025-12-08 08:14:39 PLAYER_MOVE (3,7)→(3,8) extra=0
2025-12-08 08:14:39 BOT_TURN_START
2025-12-08 08:14:42 START POST={"game_id":"115","from_x":"4","from_y":"8","to_x":"3","to_y":"9","extra":"0","goal":"0","draw":"0"}
2025-12-08 08:14:42 GAME id=115, current_player=1
2025-12-08 08:14:42 PLAYER=1 (my_id=290064)
2025-12-08 08:14:42 PLAYER_MOVE (4,8)→(3,9) extra=0
2025-12-08 08:14:42 BOT_TURN_START
2025-12-08 08:14:45 START POST={"game_id":"115","from_x":"2","from_y":"10","to_x":"3","to_y":"11","extra":"0","goal":"0","draw":"0"}
2025-12-08 08:14:45 GAME id=115, current_player=1
2025-12-08 08:14:45 PLAYER=1 (my_id=290064)
2025-12-08 08:14:45 PLAYER_MOVE (2,10)→(3,11) extra=0
2025-12-08 08:14:45 BOT_TURN_START
2025-12-08 08:14:47 START POST={"game_id":"115","from_x":"4","from_y":"10","to_x":"4","to_y":"11","extra":"0","goal":"0","draw":"0"}
2025-12-08 08:14:47 GAME id=115, current_player=1
2025-12-08 08:14:47 PLAYER=1 (my_id=290064)
2025-12-08 08:14:47 PLAYER_MOVE (4,10)→(4,11) extra=0
2025-12-08 08:14:47 BOT_TURN_START
2025-12-08 08:14:49 START POST={"game_id":"115","from_x":"5","from_y":"11","to_x":"4","to_y":"12","extra":"0","goal":"1","draw":"0"}
2025-12-08 08:14:49 GAME id=115, current_player=1
2025-12-08 08:14:49 PLAYER=1 (my_id=290064)
2025-12-08 08:14:49 PLAYER_MOVE (5,11)→(4,12) extra=0
2025-12-08 08:14:49 FINISHED BY GOAL winner=1
2025-12-08 08:14:56 START POST={"game_id":"116","from_x":"4","from_y":"6","to_x":"5","to_y":"7","extra":"0","goal":"0","draw":"0"}
2025-12-08 08:14:56 GAME id=116, current_player=1
2025-12-08 08:14:56 PLAYER=1 (my_id=290064)
2025-12-08 08:14:56 PLAYER_MOVE (4,6)→(5,7) extra=0
2025-12-08 08:14:56 BOT_TURN_START
2025-12-08 08:15:00 START POST={"game_id":"116","from_x":"5","from_y":"6","to_x":"4","to_y":"7","extra":"0","goal":"0","draw":"0"}
2025-12-08 08:15:00 GAME id=116, current_player=1
2025-12-08 08:15:00 PLAYER=1 (my_id=290064)
2025-12-08 08:15:00 PLAYER_MOVE (5,6)→(4,7) extra=0
2025-12-08 08:15:00 BOT_TURN_START
2025-12-08 08:15:02 START POST={"game_id":"116","from_x":"5","from_y":"8","to_x":"4","to_y":"9","extra":"0","goal":"0","draw":"0"}
2025-12-08 08:15:02 GAME id=116, current_player=1
2025-12-08 08:15:02 PLAYER=1 (my_id=290064)
2025-12-08 08:15:02 PLAYER_MOVE (5,8)→(4,9) extra=0
2025-12-08 08:15:02 BOT_TURN_START
2025-12-08 08:15:03 START POST={"game_id":"116","from_x":"3","from_y":"10","to_x":"4","to_y":"11","extra":"0","goal":"0","draw":"0"}
2025-12-08 08:15:03 GAME id=116, current_player=1
2025-12-08 08:15:03 PLAYER=1 (my_id=290064)
2025-12-08 08:15:03 PLAYER_MOVE (3,10)→(4,11) extra=0
2025-12-08 08:15:03 BOT_TURN_START
2025-12-08 08:15:06 START POST={"game_id":"116","from_x":"6","from_y":"11","to_x":"6","to_y":"12","extra":"1","goal":"0","draw":"0"}
2025-12-08 08:15:06 GAME id=116, current_player=1
2025-12-08 08:15:06 PLAYER=1 (my_id=290064)
2025-12-08 08:15:06 PLAYER_MOVE (6,11)→(6,12) extra=1
2025-12-08 08:23:55 START POST={"game_id":"117","from_x":"4","from_y":"6","to_x":"5","to_y":"7","extra":"0","goal":"0","draw":"0"}
2025-12-08 08:23:55 GAME id=117, current_player=1
2025-12-08 08:23:55 PLAYER=1 (my_id=1)
2025-12-08 08:23:55 PLAYER_MOVE (4,6)→(5,7) extra=0
2025-12-08 08:23:55 BOT_TURN_START
2025-12-08 08:23:56 START POST={"game_id":"117","from_x":"5","from_y":"6","to_x":"4","to_y":"7","extra":"0","goal":"0","draw":"0"}
2025-12-08 08:23:56 GAME id=117, current_player=1
2025-12-08 08:23:56 PLAYER=1 (my_id=1)
2025-12-08 08:23:56 PLAYER_MOVE (5,6)→(4,7) extra=0
2025-12-08 08:23:56 BOT_TURN_START
2025-12-08 08:23:57 START POST={"game_id":"117","from_x":"4","from_y":"5","to_x":"5","to_y":"6","extra":"1","goal":"0","draw":"0"}
2025-12-08 08:23:57 GAME id=117, current_player=1
2025-12-08 08:23:57 PLAYER=1 (my_id=1)
2025-12-08 08:23:57 PLAYER_MOVE (4,5)→(5,6) extra=1
2025-12-08 08:23:58 START POST={"game_id":"117","from_x":"5","from_y":"6","to_x":"6","to_y":"7","extra":"0","goal":"0","draw":"0"}
2025-12-08 08:23:58 GAME id=117, current_player=1
2025-12-08 08:23:58 PLAYER=1 (my_id=1)
2025-12-08 08:23:58 PLAYER_MOVE (5,6)→(6,7) extra=0
2025-12-08 08:23:58 BOT_TURN_START
2025-12-08 08:23:59 START POST={"game_id":"117","from_x":"6","from_y":"6","to_x":"5","to_y":"7","extra":"1","goal":"0","draw":"0"}
2025-12-08 08:23:59 GAME id=117, current_player=1
2025-12-08 08:23:59 PLAYER=1 (my_id=1)
2025-12-08 08:23:59 PLAYER_MOVE (6,6)→(5,7) extra=1
2025-12-08 08:24:00 START POST={"game_id":"117","from_x":"5","from_y":"7","to_x":"4","to_y":"7","extra":"1","goal":"0","draw":"0"}
2025-12-08 08:24:00 GAME id=117, current_player=1
2025-12-08 08:24:00 PLAYER=1 (my_id=1)
2025-12-08 08:24:00 PLAYER_MOVE (5,7)→(4,7) extra=1
2025-12-08 08:24:00 START POST={"game_id":"117","from_x":"4","from_y":"7","to_x":"3","to_y":"8","extra":"0","goal":"0","draw":"0"}
2025-12-08 08:24:00 GAME id=117, current_player=1
2025-12-08 08:24:00 PLAYER=1 (my_id=1)
2025-12-08 08:24:00 PLAYER_MOVE (4,7)→(3,8) extra=0
2025-12-08 08:24:00 BOT_TURN_START
2025-12-08 08:24:01 START POST={"game_id":"117","from_x":"3","from_y":"7","to_x":"2","to_y":"8","extra":"0","goal":"0","draw":"0"}
2025-12-08 08:24:01 GAME id=117, current_player=1
2025-12-08 08:24:01 PLAYER=1 (my_id=1)
2025-12-08 08:24:01 PLAYER_MOVE (3,7)→(2,8) extra=0
2025-12-08 08:24:01 BOT_TURN_START
2025-12-08 08:24:02 START POST={"game_id":"117","from_x":"2","from_y":"7","to_x":"1","to_y":"8","extra":"0","goal":"0","draw":"0"}
2025-12-08 08:24:02 GAME id=117, current_player=1
2025-12-08 08:24:02 PLAYER=1 (my_id=1)
2025-12-08 08:24:02 PLAYER_MOVE (2,7)→(1,8) extra=0
2025-12-08 08:24:02 BOT_TURN_START
2025-12-08 08:24:03 START POST={"game_id":"117","from_x":"1","from_y":"7","to_x":"0","to_y":"8","extra":"1","goal":"0","draw":"0"}
2025-12-08 08:24:03 GAME id=117, current_player=1
2025-12-08 08:24:03 PLAYER=1 (my_id=1)
2025-12-08 08:24:03 PLAYER_MOVE (1,7)→(0,8) extra=1
2025-12-08 08:24:03 START POST={"game_id":"117","from_x":"0","from_y":"8","to_x":"1","to_y":"8","extra":"1","goal":"0","draw":"0"}
2025-12-08 08:24:03 GAME id=117, current_player=1
2025-12-08 08:24:03 PLAYER=1 (my_id=1)
2025-12-08 08:24:03 PLAYER_MOVE (0,8)→(1,8) extra=1
2025-12-08 08:24:05 START POST={"game_id":"117","from_x":"1","from_y":"8","to_x":"0","to_y":"9","extra":"1","goal":"0","draw":"0"}
2025-12-08 08:24:05 GAME id=117, current_player=1
2025-12-08 08:24:05 PLAYER=1 (my_id=1)
2025-12-08 08:24:05 PLAYER_MOVE (1,8)→(0,9) extra=1
2025-12-08 08:24:06 START POST={"game_id":"117","from_x":"0","from_y":"9","to_x":"1","to_y":"10","extra":"0","goal":"0","draw":"0"}
2025-12-08 08:24:06 GAME id=117, current_player=1
2025-12-08 08:24:06 PLAYER=1 (my_id=1)
2025-12-08 08:24:06 PLAYER_MOVE (0,9)→(1,10) extra=0
2025-12-08 08:24:06 BOT_TURN_START
2025-12-08 08:24:07 START POST={"game_id":"117","from_x":"2","from_y":"9","to_x":"3","to_y":"10","extra":"0","goal":"0","draw":"0"}
2025-12-08 08:24:07 GAME id=117, current_player=1
2025-12-08 08:24:07 PLAYER=1 (my_id=1)
2025-12-08 08:24:07 PLAYER_MOVE (2,9)→(3,10) extra=0
2025-12-08 08:24:07 BOT_TURN_START
2025-12-08 08:24:09 START POST={"game_id":"117","from_x":"4","from_y":"9","to_x":"5","to_y":"10","extra":"0","goal":"0","draw":"0"}
2025-12-08 08:24:09 GAME id=117, current_player=1
2025-12-08 08:24:09 PLAYER=1 (my_id=1)
2025-12-08 08:24:09 PLAYER_MOVE (4,9)→(5,10) extra=0
2025-12-08 08:24:09 BOT_TURN_START
2025-12-08 08:24:10 START POST={"game_id":"117","from_x":"5","from_y":"9","to_x":"4","to_y":"10","extra":"0","goal":"0","draw":"0"}
2025-12-08 08:24:10 GAME id=117, current_player=1
2025-12-08 08:24:10 PLAYER=1 (my_id=1)
2025-12-08 08:24:10 PLAYER_MOVE (5,9)→(4,10) extra=0
2025-12-08 08:24:10 BOT_TURN_START
2025-12-08 08:24:12 START POST={"game_id":"117","from_x":"4","from_y":"8","to_x":"5","to_y":"9","extra":"1","goal":"0","draw":"0"}
2025-12-08 08:24:12 GAME id=117, current_player=1
2025-12-08 08:24:12 PLAYER=1 (my_id=1)
2025-12-08 08:24:12 PLAYER_MOVE (4,8)→(5,9) extra=1
2025-12-08 08:24:13 START POST={"game_id":"117","from_x":"5","from_y":"9","to_x":"4","to_y":"9","extra":"1","goal":"0","draw":"0"}
2025-12-08 08:24:13 GAME id=117, current_player=1
2025-12-08 08:24:13 PLAYER=1 (my_id=1)
2025-12-08 08:24:13 PLAYER_MOVE (5,9)→(4,9) extra=1
2025-12-08 08:24:14 START POST={"game_id":"117","from_x":"4","from_y":"9","to_x":"3","to_y":"9","extra":"0","goal":"0","draw":"0"}
2025-12-08 08:24:14 GAME id=117, current_player=1
2025-12-08 08:24:14 PLAYER=1 (my_id=1)
2025-12-08 08:24:14 PLAYER_MOVE (4,9)→(3,9) extra=0
2025-12-08 08:24:14 BOT_TURN_START
2025-12-08 08:24:15 START POST={"game_id":"117","from_x":"3","from_y":"6","to_x":"3","to_y":"7","extra":"1","goal":"0","draw":"0"}
2025-12-08 08:24:15 GAME id=117, current_player=1
2025-12-08 08:24:15 PLAYER=1 (my_id=1)
2025-12-08 08:24:15 PLAYER_MOVE (3,6)→(3,7) extra=1
2025-12-08 08:24:17 START POST={"game_id":"117","from_x":"3","from_y":"7","to_x":"4","to_y":"8","extra":"1","goal":"0","draw":"0"}
2025-12-08 08:24:17 GAME id=117, current_player=1
2025-12-08 08:24:17 PLAYER=1 (my_id=1)
2025-12-08 08:24:17 PLAYER_MOVE (3,7)→(4,8) extra=1
2025-12-08 08:24:18 START POST={"game_id":"117","from_x":"4","from_y":"8","to_x":"3","to_y":"8","extra":"1","goal":"0","draw":"0"}
2025-12-08 08:24:18 GAME id=117, current_player=1
2025-12-08 08:24:18 PLAYER=1 (my_id=1)
2025-12-08 08:24:18 PLAYER_MOVE (4,8)→(3,8) extra=1
2025-12-08 08:24:19 START POST={"game_id":"117","from_x":"3","from_y":"8","to_x":"3","to_y":"9","extra":"1","goal":"0","draw":"0"}
2025-12-08 08:24:19 GAME id=117, current_player=1
2025-12-08 08:24:19 PLAYER=1 (my_id=1)
2025-12-08 08:24:19 PLAYER_MOVE (3,8)→(3,9) extra=1
2025-12-08 08:24:20 START POST={"game_id":"117","from_x":"3","from_y":"9","to_x":"3","to_y":"10","extra":"1","goal":"0","draw":"0"}
2025-12-08 08:24:20 GAME id=117, current_player=1
2025-12-08 08:24:20 PLAYER=1 (my_id=1)
2025-12-08 08:24:20 PLAYER_MOVE (3,9)→(3,10) extra=1
2025-12-08 08:24:21 START POST={"game_id":"117","from_x":"3","from_y":"10","to_x":"4","to_y":"10","extra":"1","goal":"0","draw":"0"}
2025-12-08 08:24:21 GAME id=117, current_player=1
2025-12-08 08:24:21 PLAYER=1 (my_id=1)
2025-12-08 08:24:21 PLAYER_MOVE (3,10)→(4,10) extra=1
2025-12-08 08:24:22 START POST={"game_id":"117","from_x":"4","from_y":"10","to_x":"5","to_y":"10","extra":"1","goal":"0","draw":"0"}
2025-12-08 08:24:22 GAME id=117, current_player=1
2025-12-08 08:24:22 PLAYER=1 (my_id=1)
2025-12-08 08:24:22 PLAYER_MOVE (4,10)→(5,10) extra=1
2025-12-08 08:24:23 START POST={"game_id":"117","from_x":"5","from_y":"10","to_x":"5","to_y":"11","extra":"0","goal":"0","draw":"0"}
2025-12-08 08:24:23 GAME id=117, current_player=1
2025-12-08 08:24:23 PLAYER=1 (my_id=1)
2025-12-08 08:24:23 PLAYER_MOVE (5,10)→(5,11) extra=0
2025-12-08 08:24:23 BOT_TURN_START
2025-12-08 08:24:25 START POST={"game_id":"117","from_x":"2","from_y":"6","to_x":"2","to_y":"7","extra":"1","goal":"0","draw":"0"}
2025-12-08 08:24:25 GAME id=117, current_player=1
2025-12-08 08:24:25 PLAYER=1 (my_id=1)
2025-12-08 08:24:25 PLAYER_MOVE (2,6)→(2,7) extra=1
2025-12-08 08:24:26 START POST={"game_id":"117","from_x":"2","from_y":"7","to_x":"3","to_y":"8","extra":"1","goal":"0","draw":"0"}
2025-12-08 08:24:26 GAME id=117, current_player=1
2025-12-08 08:24:26 PLAYER=1 (my_id=1)
2025-12-08 08:24:26 PLAYER_MOVE (2,7)→(3,8) extra=1
2025-12-08 08:24:28 START POST={"game_id":"117","from_x":"3","from_y":"8","to_x":"2","to_y":"9","extra":"1","goal":"0","draw":"0"}
2025-12-08 08:24:28 GAME id=117, current_player=1
2025-12-08 08:24:28 PLAYER=1 (my_id=1)
2025-12-08 08:24:28 PLAYER_MOVE (3,8)→(2,9) extra=1
2025-12-08 08:24:31 START POST={"game_id":"117","from_x":"2","from_y":"9","to_x":"1","to_y":"9","extra":"0","goal":"0","draw":"0"}
2025-12-08 08:24:31 GAME id=117, current_player=1
2025-12-08 08:24:31 PLAYER=1 (my_id=1)
2025-12-08 08:24:31 PLAYER_MOVE (2,9)→(1,9) extra=0
2025-12-08 08:24:31 BOT_TURN_START
2025-12-08 08:24:35 START POST={"game_id":"117","from_x":"5","from_y":"8","to_x":"6","to_y":"9","extra":"0","goal":"0","draw":"0"}
2025-12-08 08:24:35 GAME id=117, current_player=1
2025-12-08 08:24:35 PLAYER=1 (my_id=1)
2025-12-08 08:24:35 PLAYER_MOVE (5,8)→(6,9) extra=0
2025-12-08 08:24:35 BOT_TURN_START
2025-12-08 08:24:37 START POST={"game_id":"117","from_x":"6","from_y":"8","to_x":"7","to_y":"9","extra":"0","goal":"0","draw":"0"}
2025-12-08 08:24:37 GAME id=117, current_player=1
2025-12-08 08:24:37 PLAYER=1 (my_id=1)
2025-12-08 08:24:37 PLAYER_MOVE (6,8)→(7,9) extra=0
2025-12-08 08:24:37 BOT_TURN_START
2025-12-08 08:24:38 START POST={"game_id":"117","from_x":"7","from_y":"8","to_x":"8","to_y":"9","extra":"1","goal":"0","draw":"0"}
2025-12-08 08:24:38 GAME id=117, current_player=1
2025-12-08 08:24:38 PLAYER=1 (my_id=1)
2025-12-08 08:24:38 PLAYER_MOVE (7,8)→(8,9) extra=1
2025-12-08 08:24:38 START POST={"game_id":"117","from_x":"8","from_y":"9","to_x":"7","to_y":"9","extra":"1","goal":"0","draw":"0"}
2025-12-08 08:24:38 GAME id=117, current_player=1
2025-12-08 08:24:38 PLAYER=1 (my_id=1)
2025-12-08 08:24:38 PLAYER_MOVE (8,9)→(7,9) extra=1
2025-12-08 08:24:39 START POST={"game_id":"117","from_x":"7","from_y":"9","to_x":"8","to_y":"10","extra":"1","goal":"0","draw":"0"}
2025-12-08 08:24:39 GAME id=117, current_player=1
2025-12-08 08:24:39 PLAYER=1 (my_id=1)
2025-12-08 08:24:39 PLAYER_MOVE (7,9)→(8,10) extra=1
2025-12-08 08:24:40 START POST={"game_id":"117","from_x":"8","from_y":"10","to_x":"7","to_y":"11","extra":"0","goal":"0","draw":"0"}
2025-12-08 08:24:40 GAME id=117, current_player=1
2025-12-08 08:24:40 PLAYER=1 (my_id=1)
2025-12-08 08:24:40 PLAYER_MOVE (8,10)→(7,11) extra=0
2025-12-08 08:24:40 BOT_TURN_START
2025-12-08 08:24:41 START POST={"game_id":"117","from_x":"6","from_y":"10","to_x":"5","to_y":"11","extra":"1","goal":"0","draw":"0"}
2025-12-08 08:24:41 GAME id=117, current_player=1
2025-12-08 08:24:41 PLAYER=1 (my_id=1)
2025-12-08 08:24:41 PLAYER_MOVE (6,10)→(5,11) extra=1
2025-12-08 08:24:42 START POST={"game_id":"117","from_x":"5","from_y":"11","to_x":"4","to_y":"12","extra":"0","goal":"1","draw":"0"}
2025-12-08 08:24:42 GAME id=117, current_player=1
2025-12-08 08:24:42 PLAYER=1 (my_id=1)
2025-12-08 08:24:42 PLAYER_MOVE (5,11)→(4,12) extra=0
2025-12-08 08:24:42 FINISHED BY GOAL winner=1
